Using pre-set license
Built from '2021.1/staging' branch; Version is '2021.1.6f1 (c0fade0cc7e9) revision 12647134'; Using compiler version '192528614'; Build Type 'Release'
OS: 'Windows 10 Pro; OS build 19042.985; Version 2009; 64bit' Language: 'ru' Physical Memory: 16301 MB
BatchMode: 1, IsHumanControllingUs: 0, StartBugReporterOnCrash: 0, Is64bit: 1, IsPro: 0

 COMMAND LINE ARGUMENTS:
C:\Program Files\Unity\Hub\Editor\2021.1.6f1\Editor\Unity.exe
-adb2
-batchMode
-noUpm
-name
AssetImportWorker0
-projectPath
C:/Users/ichig/Dropbox/Unity/TestTaskUnity
-logFile
Logs/AssetImportWorker0.log
-srvPort
63229
Successfully changed project path to: C:/Users/ichig/Dropbox/Unity/TestTaskUnity
C:/Users/ichig/Dropbox/Unity/TestTaskUnity
Using Asset Import Pipeline V2.
Refreshing native plugins compatible for Editor in 62.61 ms, found 1 plugins.
Preloading 0 native plugins for Editor in 0.00 ms.
Initialize engine version: 2021.1.6f1 (c0fade0cc7e9)
[Subsystems] Discovering subsystems at path C:/Program Files/Unity/Hub/Editor/2021.1.6f1/Editor/Data/Resources/UnitySubsystems
[Subsystems] Discovering subsystems at path C:/Users/ichig/Dropbox/Unity/TestTaskUnity/Assets
GfxDevice: creating device client; threaded=0; jobified=0
Direct3D:
    Version:  Direct3D 11.0 [level 11.1]
    Renderer: NVIDIA GeForce GTX 1080 Ti (ID=0x1b06)
    Vendor:   NVIDIA
    VRAM:     11127 MB
    Driver:   27.21.14.5730
Initialize mono
Mono path[0] = 'C:/Program Files/Unity/Hub/Editor/2021.1.6f1/Editor/Data/Managed'
Mono path[1] = 'C:/Program Files/Unity/Hub/Editor/2021.1.6f1/Editor/Data/MonoBleedingEdge/lib/mono/unityjit'
Mono config path = 'C:/Program Files/Unity/Hub/Editor/2021.1.6f1/Editor/Data/MonoBleedingEdge/etc'
Using monoOptions --debugger-agent=transport=dt_socket,embedding=1,server=y,suspend=n,address=127.0.0.1:56512
Begin MonoManager ReloadAssembly
Registering precompiled unity dll's ...
Register platform support module: C:/Program Files/Unity/Hub/Editor/2021.1.6f1/Editor/Data/PlaybackEngines/WebGLSupport/UnityEditor.WebGL.Extensions.dll
Register platform support module: C:/Program Files/Unity/Hub/Editor/2021.1.6f1/Editor/Data/PlaybackEngines/WindowsStandaloneSupport/UnityEditor.WindowsStandalone.Extensions.dll
Registered in 0.002174 seconds.
Native extension for WindowsStandalone target not found
Native extension for WebGL target not found
Refreshing native plugins compatible for Editor in 68.49 ms, found 1 plugins.
Preloading 0 native plugins for Editor in 0.00 ms.
Mono: successfully reloaded assembly
- Completed reload, in  2.101 seconds
Platform modules already initialized, skipping
Registering precompiled user dll's ...
Registered in 0.002857 seconds.
Begin MonoManager ReloadAssembly
Native extension for WindowsStandalone target not found
Native extension for WebGL target not found
Refreshing native plugins compatible for Editor in 0.38 ms, found 1 plugins.
Preloading 0 native plugins for Editor in 0.00 ms.
Mono: successfully reloaded assembly
- Completed reload, in  0.862 seconds
Platform modules already initialized, skipping
========================================================================
Worker process is ready to serve import requests
Launched and connected shader compiler UnityShaderCompiler.exe after 0.04 seconds
Refreshing native plugins compatible for Editor in 0.41 ms, found 1 plugins.
Preloading 0 native plugins for Editor in 0.00 ms.
Unloading 2669 Unused Serialized files (Serialized files now loaded: 0)
System memory in use before: 98.6 MB.
System memory in use after: 98.8 MB.

Unloading 15 unused Assets to reduce memory usage. Loaded Objects now: 3123.
Total: 1.934900 ms (FindLiveObjects: 0.190900 ms CreateObjectMapping: 0.110700 ms MarkObjects: 1.569100 ms  DeleteObjects: 0.062600 ms)

========================================================================
Received Import Request.
  path: Assets/Scripts/ValueBar.cs
  artifactKey: Guid(66ce6f348b56f924fb078a130b73ddb1) Importer(815301076,1909f56bfc062723c751e8b465ee728b)
Start importing Assets/Scripts/ValueBar.cs using Guid(66ce6f348b56f924fb078a130b73ddb1) Importer(815301076,1909f56bfc062723c751e8b465ee728b)  -> (artifact id: 'd424bf48684c42b783809e9102c645ab') in 0.023363 seconds 
========================================================================
Received Import Request.
  Time since last request: 37.506716 seconds.
  path: Assets/Scripts/ValueBar.cs
  artifactKey: Guid(66ce6f348b56f924fb078a130b73ddb1) Importer(815301076,1909f56bfc062723c751e8b465ee728b)
Start importing Assets/Scripts/ValueBar.cs using Guid(66ce6f348b56f924fb078a130b73ddb1) Importer(815301076,1909f56bfc062723c751e8b465ee728b)  -> (artifact id: '589fd4cd7cd5be41cacd03e753a3d0db') in 0.002057 seconds 
========================================================================
Received Import Request.
  Time since last request: 166.512468 seconds.
  path: Assets/Scripts/ValueBar.cs
  artifactKey: Guid(66ce6f348b56f924fb078a130b73ddb1) Importer(815301076,1909f56bfc062723c751e8b465ee728b)
Start importing Assets/Scripts/ValueBar.cs using Guid(66ce6f348b56f924fb078a130b73ddb1) Importer(815301076,1909f56bfc062723c751e8b465ee728b)  -> (artifact id: '8b6703eb77d4d5f3d01384609f37ad16') in 0.001929 seconds 
========================================================================
Received Import Request.
  Time since last request: 99.517782 seconds.
  path: Assets/Scripts/ValueBar.cs
  artifactKey: Guid(66ce6f348b56f924fb078a130b73ddb1) Importer(815301076,1909f56bfc062723c751e8b465ee728b)
Start importing Assets/Scripts/ValueBar.cs using Guid(66ce6f348b56f924fb078a130b73ddb1) Importer(815301076,1909f56bfc062723c751e8b465ee728b)  -> (artifact id: '48886b0eaf59acbc1b1dc58e259e09be') in 0.002600 seconds 
========================================================================
Received Prepare
Registering precompiled user dll's ...
Registered in 0.002727 seconds.
Begin MonoManager ReloadAssembly
Native extension for WindowsStandalone target not found
Native extension for WebGL target not found
Refreshing native plugins compatible for Editor in 0.40 ms, found 1 plugins.
Preloading 0 native plugins for Editor in 0.00 ms.
Mono: successfully reloaded assembly
- Completed reload, in  0.844 seconds
Platform modules already initialized, skipping
Refreshing native plugins compatible for Editor in 0.41 ms, found 1 plugins.
Preloading 0 native plugins for Editor in 0.00 ms.
Unloading 2664 Unused Serialized files (Serialized files now loaded: 0)
System memory in use before: 98.6 MB.
System memory in use after: 98.8 MB.

Unloading 10 unused Assets to reduce memory usage. Loaded Objects now: 3126.
Total: 2.045600 ms (FindLiveObjects: 0.205500 ms CreateObjectMapping: 0.093100 ms MarkObjects: 1.705600 ms  DeleteObjects: 0.040800 ms)

========================================================================
Received Prepare
Registering precompiled user dll's ...
Registered in 0.003078 seconds.
Begin MonoManager ReloadAssembly
Native extension for WindowsStandalone target not found
Native extension for WebGL target not found
Refreshing native plugins compatible for Editor in 0.42 ms, found 1 plugins.
Preloading 0 native plugins for Editor in 0.00 ms.
Mono: successfully reloaded assembly
- Completed reload, in  0.824 seconds
Platform modules already initialized, skipping
Refreshing native plugins compatible for Editor in 0.42 ms, found 1 plugins.
Preloading 0 native plugins for Editor in 0.00 ms.
Unloading 2664 Unused Serialized files (Serialized files now loaded: 0)
System memory in use before: 98.7 MB.
System memory in use after: 98.9 MB.

Unloading 10 unused Assets to reduce memory usage. Loaded Objects now: 3129.
Total: 1.956700 ms (FindLiveObjects: 0.192200 ms CreateObjectMapping: 0.110700 ms MarkObjects: 1.612700 ms  DeleteObjects: 0.040200 ms)

========================================================================
Received Import Request.
  Time since last request: 116.835996 seconds.
  path: Assets/Prefabs/ValueBar.prefab
  artifactKey: Guid(e22b2497ce795af4ea52f70148c2ae73) Importer(815301076,1909f56bfc062723c751e8b465ee728b)
Start importing Assets/Prefabs/ValueBar.prefab using Guid(e22b2497ce795af4ea52f70148c2ae73) Importer(815301076,1909f56bfc062723c751e8b465ee728b)  -> (artifact id: 'c388b54be9e04e2e8f3f0387f855b39f') in 0.040876 seconds 
========================================================================
Received Import Request.
  Time since last request: 159.688076 seconds.
  path: Assets/Scripts/PlayerScript.cs
  artifactKey: Guid(13d11cbf84d0c5e469fec14eaeaff7d3) Importer(815301076,1909f56bfc062723c751e8b465ee728b)
Start importing Assets/Scripts/PlayerScript.cs using Guid(13d11cbf84d0c5e469fec14eaeaff7d3) Importer(815301076,1909f56bfc062723c751e8b465ee728b)  -> (artifact id: 'a9dc869fd33966904e3e49b924308ca1') in 0.006470 seconds 
========================================================================
Received Import Request.
  Time since last request: 0.487188 seconds.
  path: Assets/Scripts/TouchHandler.cs
  artifactKey: Guid(f2f80b017723ef846b74bfc57043cdea) Importer(815301076,1909f56bfc062723c751e8b465ee728b)
Start importing Assets/Scripts/TouchHandler.cs using Guid(f2f80b017723ef846b74bfc57043cdea) Importer(815301076,1909f56bfc062723c751e8b465ee728b)  -> (artifact id: '89ae7e77ef782dbf2ea7c1626fd6848b') in 0.002626 seconds 
========================================================================
Received Prepare
Registering precompiled user dll's ...
Registered in 0.002753 seconds.
Begin MonoManager ReloadAssembly
Native extension for WindowsStandalone target not found
Native extension for WebGL target not found
Refreshing native plugins compatible for Editor in 0.42 ms, found 1 plugins.
Preloading 0 native plugins for Editor in 0.00 ms.
Mono: successfully reloaded assembly
- Completed reload, in  0.830 seconds
Platform modules already initialized, skipping
Refreshing native plugins compatible for Editor in 0.41 ms, found 1 plugins.
Preloading 0 native plugins for Editor in 0.00 ms.
Unloading 2664 Unused Serialized files (Serialized files now loaded: 0)
System memory in use before: 98.7 MB.
System memory in use after: 98.9 MB.

Unloading 11 unused Assets to reduce memory usage. Loaded Objects now: 3132.
Total: 1.828400 ms (FindLiveObjects: 0.192100 ms CreateObjectMapping: 0.095400 ms MarkObjects: 1.501300 ms  DeleteObjects: 0.038900 ms)

========================================================================
Received Prepare
Registering precompiled user dll's ...
Registered in 0.002855 seconds.
Begin MonoManager ReloadAssembly
Native extension for WindowsStandalone target not found
Native extension for WebGL target not found
Refreshing native plugins compatible for Editor in 0.41 ms, found 1 plugins.
Preloading 0 native plugins for Editor in 0.00 ms.
Mono: successfully reloaded assembly
- Completed reload, in  0.827 seconds
Platform modules already initialized, skipping
Refreshing native plugins compatible for Editor in 0.44 ms, found 1 plugins.
Preloading 0 native plugins for Editor in 0.00 ms.
Unloading 2664 Unused Serialized files (Serialized files now loaded: 0)
System memory in use before: 98.7 MB.
System memory in use after: 98.9 MB.

Unloading 10 unused Assets to reduce memory usage. Loaded Objects now: 3135.
Total: 1.894500 ms (FindLiveObjects: 0.179600 ms CreateObjectMapping: 0.116400 ms MarkObjects: 1.558800 ms  DeleteObjects: 0.038900 ms)

========================================================================
Received Prepare
Registering precompiled user dll's ...
Registered in 0.002763 seconds.
Begin MonoManager ReloadAssembly
Native extension for WindowsStandalone target not found
Native extension for WebGL target not found
Refreshing native plugins compatible for Editor in 0.41 ms, found 1 plugins.
Preloading 0 native plugins for Editor in 0.00 ms.
Mono: successfully reloaded assembly
- Completed reload, in  0.826 seconds
Platform modules already initialized, skipping
Refreshing native plugins compatible for Editor in 0.41 ms, found 1 plugins.
Preloading 0 native plugins for Editor in 0.00 ms.
Unloading 2664 Unused Serialized files (Serialized files now loaded: 0)
System memory in use before: 98.7 MB.
System memory in use after: 98.9 MB.

Unloading 10 unused Assets to reduce memory usage. Loaded Objects now: 3138.
Total: 1.833400 ms (FindLiveObjects: 0.198400 ms CreateObjectMapping: 0.088500 ms MarkObjects: 1.512600 ms  DeleteObjects: 0.033200 ms)

========================================================================
Received Prepare
Registering precompiled user dll's ...
Registered in 0.002731 seconds.
Begin MonoManager ReloadAssembly
Native extension for WindowsStandalone target not found
Native extension for WebGL target not found
Refreshing native plugins compatible for Editor in 0.41 ms, found 1 plugins.
Preloading 0 native plugins for Editor in 0.00 ms.
Mono: successfully reloaded assembly
- Completed reload, in  0.816 seconds
Platform modules already initialized, skipping
Refreshing native plugins compatible for Editor in 0.49 ms, found 1 plugins.
Preloading 0 native plugins for Editor in 0.00 ms.
Unloading 2664 Unused Serialized files (Serialized files now loaded: 0)
System memory in use before: 98.7 MB.
System memory in use after: 98.9 MB.

Unloading 10 unused Assets to reduce memory usage. Loaded Objects now: 3141.
Total: 1.845900 ms (FindLiveObjects: 0.224200 ms CreateObjectMapping: 0.100500 ms MarkObjects: 1.477200 ms  DeleteObjects: 0.043200 ms)

========================================================================
Received Prepare
Registering precompiled user dll's ...
Registered in 0.002788 seconds.
Begin MonoManager ReloadAssembly
Native extension for WindowsStandalone target not found
Native extension for WebGL target not found
Refreshing native plugins compatible for Editor in 0.40 ms, found 1 plugins.
Preloading 0 native plugins for Editor in 0.00 ms.
Mono: successfully reloaded assembly
- Completed reload, in  0.801 seconds
Platform modules already initialized, skipping
Refreshing native plugins compatible for Editor in 0.41 ms, found 1 plugins.
Preloading 0 native plugins for Editor in 0.00 ms.
Unloading 2664 Unused Serialized files (Serialized files now loaded: 0)
System memory in use before: 98.8 MB.
System memory in use after: 99.0 MB.

Unloading 10 unused Assets to reduce memory usage. Loaded Objects now: 3144.
Total: 1.824900 ms (FindLiveObjects: 0.180900 ms CreateObjectMapping: 0.106300 ms MarkObjects: 1.505100 ms  DeleteObjects: 0.031900 ms)

AssetImportWorkerClient::OnTransportError - code=2 error=End of file
